{"C:\\Users\\crist\\Desktop\\Node\\05-NOC\\src\\domain\\entities\\log.entity.ts": {"path":"C:\\Users\\crist\\Desktop\\Node\\05-NOC\\src\\domain\\entities\\log.entity.ts","all":false,"statementMap":{"0":{"start":{"line":1,"column":0},"end":{"line":1,"column":0}},"1":{"start":{"line":2,"column":0},"end":{"line":2,"column":0}},"2":{"start":{"line":3,"column":0},"end":{"line":3,"column":30}},"3":{"start":{"line":4,"column":0},"end":{"line":4,"column":16}},"4":{"start":{"line":5,"column":0},"end":{"line":5,"column":22}},"5":{"start":{"line":6,"column":0},"end":{"line":6,"column":18}},"6":{"start":{"line":7,"column":0},"end":{"line":7,"column":1}},"7":{"start":{"line":8,"column":0},"end":{"line":8,"column":0}},"8":{"start":{"line":9,"column":0},"end":{"line":9,"column":35}},"9":{"start":{"line":10,"column":0},"end":{"line":10,"column":28}},"10":{"start":{"line":11,"column":0},"end":{"line":11,"column":20}},"11":{"start":{"line":12,"column":0},"end":{"line":12,"column":19}},"12":{"start":{"line":13,"column":0},"end":{"line":13,"column":21}},"13":{"start":{"line":14,"column":0},"end":{"line":14,"column":1}},"14":{"start":{"line":15,"column":0},"end":{"line":15,"column":0}},"15":{"start":{"line":16,"column":0},"end":{"line":16,"column":24}},"16":{"start":{"line":17,"column":0},"end":{"line":17,"column":0}},"17":{"start":{"line":18,"column":0},"end":{"line":18,"column":42}},"18":{"start":{"line":19,"column":0},"end":{"line":19,"column":27}},"19":{"start":{"line":20,"column":0},"end":{"line":20,"column":27}},"20":{"start":{"line":21,"column":0},"end":{"line":21,"column":26}},"21":{"start":{"line":22,"column":0},"end":{"line":22,"column":0}},"22":{"start":{"line":23,"column":0},"end":{"line":23,"column":44}},"23":{"start":{"line":24,"column":0},"end":{"line":24,"column":75}},"24":{"start":{"line":25,"column":0},"end":{"line":25,"column":31}},"25":{"start":{"line":26,"column":0},"end":{"line":26,"column":27}},"26":{"start":{"line":27,"column":0},"end":{"line":27,"column":35}},"27":{"start":{"line":28,"column":0},"end":{"line":28,"column":29}},"28":{"start":{"line":29,"column":0},"end":{"line":29,"column":0}},"29":{"start":{"line":30,"column":0},"end":{"line":30,"column":5}},"30":{"start":{"line":31,"column":0},"end":{"line":31,"column":86}},"31":{"start":{"line":32,"column":0},"end":{"line":32,"column":52}},"32":{"start":{"line":33,"column":0},"end":{"line":33,"column":43}},"33":{"start":{"line":34,"column":0},"end":{"line":34,"column":8}},"34":{"start":{"line":35,"column":0},"end":{"line":35,"column":71}},"35":{"start":{"line":36,"column":0},"end":{"line":36,"column":0}},"36":{"start":{"line":37,"column":0},"end":{"line":37,"column":35}},"37":{"start":{"line":38,"column":0},"end":{"line":38,"column":20}},"38":{"start":{"line":39,"column":0},"end":{"line":39,"column":18}},"39":{"start":{"line":40,"column":0},"end":{"line":40,"column":43}},"40":{"start":{"line":41,"column":0},"end":{"line":41,"column":19}},"41":{"start":{"line":42,"column":0},"end":{"line":42,"column":11}},"42":{"start":{"line":43,"column":0},"end":{"line":43,"column":0}},"43":{"start":{"line":44,"column":0},"end":{"line":44,"column":19}},"44":{"start":{"line":45,"column":0},"end":{"line":45,"column":0}},"45":{"start":{"line":46,"column":0},"end":{"line":46,"column":6}},"46":{"start":{"line":47,"column":0},"end":{"line":47,"column":0}},"47":{"start":{"line":48,"column":0},"end":{"line":48,"column":72}},"48":{"start":{"line":49,"column":0},"end":{"line":49,"column":61}},"49":{"start":{"line":50,"column":0},"end":{"line":50,"column":35}},"50":{"start":{"line":51,"column":0},"end":{"line":51,"column":45}},"51":{"start":{"line":52,"column":0},"end":{"line":52,"column":11}},"52":{"start":{"line":53,"column":0},"end":{"line":53,"column":0}},"53":{"start":{"line":54,"column":0},"end":{"line":54,"column":19}},"54":{"start":{"line":55,"column":0},"end":{"line":55,"column":5}},"55":{"start":{"line":56,"column":0},"end":{"line":56,"column":0}},"56":{"start":{"line":57,"column":0},"end":{"line":57,"column":1}}},"s":{"0":1,"1":1,"2":1,"3":1,"4":1,"5":1,"6":1,"7":1,"8":1,"9":1,"10":1,"11":1,"12":1,"13":1,"14":1,"15":1,"16":1,"17":1,"18":1,"19":1,"20":1,"21":1,"22":1,"23":14,"24":14,"25":14,"26":14,"27":14,"28":14,"29":14,"30":1,"31":1,"32":8,"33":8,"34":8,"35":8,"36":8,"37":8,"38":8,"39":8,"40":8,"41":8,"42":8,"43":8,"44":8,"45":8,"46":1,"47":1,"48":0,"49":0,"50":0,"51":0,"52":0,"53":0,"54":0,"55":1,"56":1},"branchMap":{"0":{"type":"branch","line":3,"loc":{"start":{"line":3,"column":0},"end":{"line":7,"column":1}},"locations":[{"start":{"line":3,"column":0},"end":{"line":7,"column":1}}]},"1":{"type":"branch","line":23,"loc":{"start":{"line":23,"column":4},"end":{"line":30,"column":5}},"locations":[{"start":{"line":23,"column":4},"end":{"line":30,"column":5}}]},"2":{"type":"branch","line":32,"loc":{"start":{"line":32,"column":22},"end":{"line":46,"column":6}},"locations":[{"start":{"line":32,"column":22},"end":{"line":46,"column":6}}]},"3":{"type":"branch","line":33,"loc":{"start":{"line":33,"column":29},"end":{"line":33,"column":35}},"locations":[{"start":{"line":33,"column":29},"end":{"line":33,"column":35}}]},"4":{"type":"branch","line":33,"loc":{"start":{"line":33,"column":36},"end":{"line":33,"column":42}},"locations":[{"start":{"line":33,"column":36},"end":{"line":33,"column":42}}]}},"b":{"0":[1],"1":[14],"2":[8],"3":[3],"4":[5]},"fnMap":{"0":{"name":"LogEntity","decl":{"start":{"line":23,"column":4},"end":{"line":30,"column":5}},"loc":{"start":{"line":23,"column":4},"end":{"line":30,"column":5}},"line":23},"1":{"name":"LogEntity.fromJson","decl":{"start":{"line":32,"column":22},"end":{"line":46,"column":6}},"loc":{"start":{"line":32,"column":22},"end":{"line":46,"column":6}},"line":32},"2":{"name":"LogEntity.fromObject","decl":{"start":{"line":48,"column":24},"end":{"line":55,"column":5}},"loc":{"start":{"line":48,"column":24},"end":{"line":55,"column":5}},"line":48}},"f":{"0":14,"1":8,"2":0}}
,"C:\\Users\\crist\\Desktop\\Node\\05-NOC\\src\\infrastructure\\datasources\\file-system.datasource.ts": {"path":"C:\\Users\\crist\\Desktop\\Node\\05-NOC\\src\\infrastructure\\datasources\\file-system.datasource.ts","all":false,"statementMap":{"0":{"start":{"line":1,"column":0},"end":{"line":1,"column":20}},"1":{"start":{"line":2,"column":0},"end":{"line":2,"column":0}},"2":{"start":{"line":3,"column":0},"end":{"line":3,"column":72}},"3":{"start":{"line":4,"column":0},"end":{"line":4,"column":79}},"4":{"start":{"line":5,"column":0},"end":{"line":5,"column":0}},"5":{"start":{"line":6,"column":0},"end":{"line":6,"column":0}},"6":{"start":{"line":7,"column":0},"end":{"line":7,"column":0}},"7":{"start":{"line":8,"column":0},"end":{"line":8,"column":0}},"8":{"start":{"line":9,"column":0},"end":{"line":9,"column":60}},"9":{"start":{"line":10,"column":0},"end":{"line":10,"column":0}},"10":{"start":{"line":11,"column":0},"end":{"line":11,"column":39}},"11":{"start":{"line":12,"column":0},"end":{"line":12,"column":55}},"12":{"start":{"line":13,"column":0},"end":{"line":13,"column":61}},"13":{"start":{"line":14,"column":0},"end":{"line":14,"column":57}},"14":{"start":{"line":15,"column":0},"end":{"line":15,"column":0}},"15":{"start":{"line":16,"column":0},"end":{"line":16,"column":19}},"16":{"start":{"line":17,"column":0},"end":{"line":17,"column":31}},"17":{"start":{"line":18,"column":0},"end":{"line":18,"column":5}},"18":{"start":{"line":19,"column":0},"end":{"line":19,"column":0}},"19":{"start":{"line":20,"column":0},"end":{"line":20,"column":37}},"20":{"start":{"line":21,"column":0},"end":{"line":21,"column":43}},"21":{"start":{"line":22,"column":0},"end":{"line":22,"column":39}},"22":{"start":{"line":23,"column":0},"end":{"line":23,"column":0}},"23":{"start":{"line":24,"column":0},"end":{"line":24,"column":9}},"24":{"start":{"line":25,"column":0},"end":{"line":25,"column":0}},"25":{"start":{"line":26,"column":0},"end":{"line":26,"column":9}},"26":{"start":{"line":27,"column":0},"end":{"line":27,"column":29}},"27":{"start":{"line":28,"column":0},"end":{"line":28,"column":32}},"28":{"start":{"line":29,"column":0},"end":{"line":29,"column":30}},"29":{"start":{"line":30,"column":0},"end":{"line":30,"column":27}},"30":{"start":{"line":31,"column":0},"end":{"line":31,"column":44}},"31":{"start":{"line":32,"column":0},"end":{"line":32,"column":0}},"32":{"start":{"line":33,"column":0},"end":{"line":33,"column":39}},"33":{"start":{"line":34,"column":0},"end":{"line":34,"column":11}},"34":{"start":{"line":35,"column":0},"end":{"line":35,"column":5}},"35":{"start":{"line":36,"column":0},"end":{"line":36,"column":0}},"36":{"start":{"line":37,"column":0},"end":{"line":37,"column":53}},"37":{"start":{"line":38,"column":0},"end":{"line":38,"column":0}},"38":{"start":{"line":39,"column":0},"end":{"line":39,"column":55}},"39":{"start":{"line":40,"column":0},"end":{"line":40,"column":0}},"40":{"start":{"line":41,"column":0},"end":{"line":41,"column":55}},"41":{"start":{"line":42,"column":0},"end":{"line":42,"column":0}},"42":{"start":{"line":43,"column":0},"end":{"line":43,"column":57}},"43":{"start":{"line":44,"column":0},"end":{"line":44,"column":0}},"44":{"start":{"line":45,"column":0},"end":{"line":45,"column":54}},"45":{"start":{"line":46,"column":0},"end":{"line":46,"column":61}},"46":{"start":{"line":47,"column":0},"end":{"line":47,"column":16}},"47":{"start":{"line":48,"column":0},"end":{"line":48,"column":59}},"48":{"start":{"line":49,"column":0},"end":{"line":49,"column":9}},"49":{"start":{"line":50,"column":0},"end":{"line":50,"column":5}},"50":{"start":{"line":51,"column":0},"end":{"line":51,"column":0}},"51":{"start":{"line":52,"column":0},"end":{"line":52,"column":62}},"52":{"start":{"line":53,"column":0},"end":{"line":53,"column":55}},"53":{"start":{"line":54,"column":0},"end":{"line":54,"column":37}},"54":{"start":{"line":55,"column":0},"end":{"line":55,"column":0}},"55":{"start":{"line":56,"column":0},"end":{"line":56,"column":66}},"56":{"start":{"line":57,"column":0},"end":{"line":57,"column":0}},"57":{"start":{"line":58,"column":0},"end":{"line":58,"column":48}},"58":{"start":{"line":59,"column":0},"end":{"line":59,"column":45}},"59":{"start":{"line":60,"column":0},"end":{"line":60,"column":13}},"60":{"start":{"line":61,"column":0},"end":{"line":61,"column":0}},"61":{"start":{"line":62,"column":0},"end":{"line":62,"column":20}},"62":{"start":{"line":63,"column":0},"end":{"line":63,"column":0}},"63":{"start":{"line":64,"column":0},"end":{"line":64,"column":5}},"64":{"start":{"line":65,"column":0},"end":{"line":65,"column":0}},"65":{"start":{"line":66,"column":0},"end":{"line":66,"column":74}},"66":{"start":{"line":67,"column":0},"end":{"line":67,"column":8}},"67":{"start":{"line":68,"column":0},"end":{"line":68,"column":31}},"68":{"start":{"line":69,"column":0},"end":{"line":69,"column":38}},"69":{"start":{"line":70,"column":0},"end":{"line":70,"column":62}},"70":{"start":{"line":71,"column":0},"end":{"line":71,"column":0}},"71":{"start":{"line":72,"column":0},"end":{"line":72,"column":41}},"72":{"start":{"line":73,"column":0},"end":{"line":73,"column":65}},"73":{"start":{"line":74,"column":0},"end":{"line":74,"column":0}},"74":{"start":{"line":75,"column":0},"end":{"line":75,"column":39}},"75":{"start":{"line":76,"column":0},"end":{"line":76,"column":63}},"76":{"start":{"line":77,"column":0},"end":{"line":77,"column":0}},"77":{"start":{"line":78,"column":0},"end":{"line":78,"column":20}},"78":{"start":{"line":79,"column":0},"end":{"line":79,"column":68}},"79":{"start":{"line":80,"column":0},"end":{"line":80,"column":9}},"80":{"start":{"line":81,"column":0},"end":{"line":81,"column":5}},"81":{"start":{"line":82,"column":0},"end":{"line":82,"column":0}},"82":{"start":{"line":83,"column":0},"end":{"line":83,"column":1}}},"s":{"0":1,"1":1,"2":1,"3":1,"4":1,"5":1,"6":1,"7":1,"8":1,"9":1,"10":1,"11":1,"12":1,"13":1,"14":1,"15":1,"16":5,"17":5,"18":1,"19":1,"20":5,"21":5,"22":5,"23":5,"24":5,"25":5,"26":5,"27":5,"28":5,"29":5,"30":15,"31":15,"32":15,"33":5,"34":5,"35":1,"36":1,"37":6,"38":6,"39":6,"40":6,"41":6,"42":6,"43":4,"44":6,"45":2,"46":2,"47":2,"48":2,"49":6,"50":1,"51":1,"52":3,"53":3,"54":3,"55":3,"56":3,"57":3,"58":3,"59":3,"60":3,"61":3,"62":3,"63":3,"64":1,"65":1,"66":3,"67":3,"68":3,"69":1,"70":3,"71":3,"72":1,"73":3,"74":3,"75":1,"76":3,"77":3,"78":0,"79":3,"80":3,"81":1,"82":1},"branchMap":{"0":{"type":"branch","line":16,"loc":{"start":{"line":16,"column":4},"end":{"line":18,"column":5}},"locations":[{"start":{"line":16,"column":4},"end":{"line":18,"column":5}}]},"1":{"type":"branch","line":20,"loc":{"start":{"line":20,"column":30},"end":{"line":35,"column":5}},"locations":[{"start":{"line":20,"column":30},"end":{"line":35,"column":5}}]},"2":{"type":"branch","line":30,"loc":{"start":{"line":30,"column":18},"end":{"line":34,"column":9}},"locations":[{"start":{"line":30,"column":18},"end":{"line":34,"column":9}}]},"3":{"type":"branch","line":31,"loc":{"start":{"line":31,"column":37},"end":{"line":31,"column":44}},"locations":[{"start":{"line":31,"column":37},"end":{"line":31,"column":44}}]},"4":{"type":"branch","line":52,"loc":{"start":{"line":52,"column":30},"end":{"line":64,"column":5}},"locations":[{"start":{"line":52,"column":30},"end":{"line":64,"column":5}}]},"5":{"type":"branch","line":54,"loc":{"start":{"line":54,"column":28},"end":{"line":54,"column":37}},"locations":[{"start":{"line":54,"column":28},"end":{"line":54,"column":37}}]},"6":{"type":"branch","line":37,"loc":{"start":{"line":37,"column":10},"end":{"line":50,"column":5}},"locations":[{"start":{"line":37,"column":10},"end":{"line":50,"column":5}}]},"7":{"type":"branch","line":43,"loc":{"start":{"line":43,"column":50},"end":{"line":43,"column":57}},"locations":[{"start":{"line":43,"column":50},"end":{"line":43,"column":57}}]},"8":{"type":"branch","line":44,"loc":{"start":{"line":44,"column":-2},"end":{"line":45,"column":53}},"locations":[{"start":{"line":44,"column":-2},"end":{"line":45,"column":53}}]},"9":{"type":"branch","line":45,"loc":{"start":{"line":45,"column":53},"end":{"line":49,"column":9}},"locations":[{"start":{"line":45,"column":53},"end":{"line":49,"column":9}}]},"10":{"type":"branch","line":66,"loc":{"start":{"line":66,"column":10},"end":{"line":81,"column":5}},"locations":[{"start":{"line":66,"column":10},"end":{"line":81,"column":5}}]},"11":{"type":"branch","line":69,"loc":{"start":{"line":69,"column":12},"end":{"line":70,"column":62}},"locations":[{"start":{"line":69,"column":12},"end":{"line":70,"column":62}}]},"12":{"type":"branch","line":72,"loc":{"start":{"line":72,"column":12},"end":{"line":73,"column":65}},"locations":[{"start":{"line":72,"column":12},"end":{"line":73,"column":65}}]},"13":{"type":"branch","line":75,"loc":{"start":{"line":75,"column":12},"end":{"line":76,"column":63}},"locations":[{"start":{"line":75,"column":12},"end":{"line":76,"column":63}}]},"14":{"type":"branch","line":78,"loc":{"start":{"line":78,"column":12},"end":{"line":79,"column":68}},"locations":[{"start":{"line":78,"column":12},"end":{"line":79,"column":68}}]}},"b":{"0":[5],"1":[5],"2":[15],"3":[0],"4":[3],"5":[0],"6":[6],"7":[2],"8":[4],"9":[2],"10":[3],"11":[1],"12":[1],"13":[1],"14":[0]},"fnMap":{"0":{"name":"FileSystemDatasource","decl":{"start":{"line":16,"column":4},"end":{"line":18,"column":5}},"loc":{"start":{"line":16,"column":4},"end":{"line":18,"column":5}},"line":16},"1":{"name":"FileSystemDatasource.createLogsFiles","decl":{"start":{"line":20,"column":30},"end":{"line":35,"column":5}},"loc":{"start":{"line":20,"column":30},"end":{"line":35,"column":5}},"line":20},"2":{"name":"FileSystemDatasource.getLogsFromFile","decl":{"start":{"line":52,"column":30},"end":{"line":64,"column":5}},"loc":{"start":{"line":52,"column":30},"end":{"line":64,"column":5}},"line":52},"3":{"name":"saveLog","decl":{"start":{"line":37,"column":10},"end":{"line":50,"column":5}},"loc":{"start":{"line":37,"column":10},"end":{"line":50,"column":5}},"line":37},"4":{"name":"getLogs","decl":{"start":{"line":66,"column":10},"end":{"line":81,"column":5}},"loc":{"start":{"line":66,"column":10},"end":{"line":81,"column":5}},"line":66}},"f":{"0":5,"1":5,"2":3,"3":6,"4":3}}
}
