TN:
SF:src\domain\entities\log.entity.ts
FN:23,LogEntity
FN:32,LogEntity.fromJson
FN:48,LogEntity.fromObject
FNF:3
FNH:1
FNDA:2,LogEntity
FNDA:0,LogEntity.fromJson
FNDA:0,LogEntity.fromObject
DA:1,1
DA:2,1
DA:3,1
DA:4,1
DA:5,1
DA:6,1
DA:7,1
DA:8,1
DA:9,1
DA:10,1
DA:11,1
DA:12,1
DA:13,1
DA:14,1
DA:15,1
DA:16,1
DA:17,1
DA:18,1
DA:19,1
DA:20,1
DA:21,1
DA:22,1
DA:23,1
DA:24,2
DA:25,2
DA:26,2
DA:27,2
DA:28,2
DA:29,2
DA:30,2
DA:31,1
DA:32,1
DA:33,0
DA:34,0
DA:35,0
DA:36,0
DA:37,0
DA:38,0
DA:39,0
DA:40,0
DA:41,0
DA:42,0
DA:43,0
DA:44,0
DA:45,0
DA:46,0
DA:47,1
DA:48,1
DA:49,0
DA:50,0
DA:51,0
DA:52,0
DA:53,0
DA:54,0
DA:55,0
DA:56,1
DA:57,1
LF:57
LH:36
BRDA:3,0,0,1
BRDA:23,1,0,2
BRF:2
BRH:2
end_of_record
TN:
SF:src\domain\use-cases\checks\check-service-multiple.ts
FN:16,CheckServiceMultiple
FN:24,callLogs
FN:30,execute
FNF:3
FNH:3
FNDA:1,CheckServiceMultiple
FNDA:2,callLogs
FNDA:2,execute
DA:1,1
DA:2,1
DA:3,1
DA:4,1
DA:5,1
DA:6,1
DA:7,1
DA:8,1
DA:9,1
DA:10,1
DA:11,1
DA:12,1
DA:13,1
DA:14,1
DA:15,1
DA:16,1
DA:17,1
DA:18,1
DA:19,1
DA:20,1
DA:21,1
DA:22,1
DA:23,1
DA:24,1
DA:25,2
DA:26,6
DA:27,2
DA:28,2
DA:29,1
DA:30,1
DA:31,2
DA:32,2
DA:33,2
DA:34,2
DA:35,0
DA:36,0
DA:37,1
DA:38,1
DA:39,1
DA:40,1
DA:41,1
DA:42,1
DA:43,1
DA:44,2
DA:45,2
DA:46,2
DA:47,2
DA:48,1
DA:49,1
DA:50,1
DA:51,1
DA:52,1
DA:53,1
DA:54,1
DA:55,1
DA:56,1
DA:57,1
DA:58,1
DA:59,1
DA:60,1
DA:61,2
DA:62,2
DA:63,2
DA:64,1
LF:64
LH:62
BRDA:16,0,0,1
BRDA:24,1,0,2
BRDA:25,2,0,6
BRDA:30,3,0,2
BRDA:34,4,0,1
BRDA:34,5,0,0
BRDA:37,6,0,1
BRDA:47,7,0,1
BRF:8
BRH:7
end_of_record
